Case #1:
1111100000000001 3 2 3 2 7 2 3 2 3
1110110000000001 3 2 3 2 7 2 3 2 3
1110011000000001 3 2 3 2 7 2 3 2 3
1110001100000001 3 2 3 2 7 2 3 2 3
1110000110000001 3 2 3 2 7 2 3 2 3
1110000011000001 3 2 3 2 7 2 3 2 3
1110000001100001 3 2 3 2 7 2 3 2 3
1110000000110001 3 2 3 2 7 2 3 2 3
1110000000011001 3 2 3 2 7 2 3 2 3
1110000000001101 3 2 3 2 7 2 3 2 3
1110000000000111 3 2 3 2 7 2 3 2 3
1011110000000001 3 2 3 2 7 2 3 2 3
1011011000000001 3 2 3 2 7 2 3 2 3
1011001100000001 3 2 3 2 7 2 3 2 3
1011000110000001 3 2 3 2 7 2 3 2 3
1011000011000001 3 2 3 2 7 2 3 2 3
1011000001100001 3 2 3 2 7 2 3 2 3
1011000000110001 3 2 3 2 7 2 3 2 3
1011000000011001 3 2 3 2 7 2 3 2 3
1011000000001101 3 2 3 2 7 2 3 2 3
1011000000000111 3 2 3 2 7 2 3 2 3
1001111000000001 3 2 3 2 7 2 3 2 3
1001101100000001 3 2 3 2 7 2 3 2 3
1001100110000001 3 2 3 2 7 2 3 2 3
1001100011000001 3 2 3 2 7 2 3 2 3
1001100001100001 3 2 3 2 7 2 3 2 3
1001100000110001 3 2 3 2 7 2 3 2 3
1001100000011001 3 2 3 2 7 2 3 2 3
1001100000001101 3 2 3 2 7 2 3 2 3
1001100000000111 3 2 3 2 7 2 3 2 3
1000111100000001 3 2 3 2 7 2 3 2 3
1000110110000001 3 2 3 2 7 2 3 2 3
1000110011000001 3 2 3 2 7 2 3 2 3
1000110001100001 3 2 3 2 7 2 3 2 3
1000110000110001 3 2 3 2 7 2 3 2 3
1000110000011001 3 2 3 2 7 2 3 2 3
1000110000001101 3 2 3 2 7 2 3 2 3
1000110000000111 3 2 3 2 7 2 3 2 3
1000011110000001 3 2 3 2 7 2 3 2 3
1000011011000001 3 2 3 2 7 2 3 2 3
1000011001100001 3 2 3 2 7 2 3 2 3
1000011000110001 3 2 3 2 7 2 3 2 3
1000011000011001 3 2 3 2 7 2 3 2 3
1000011000001101 3 2 3 2 7 2 3 2 3
1000011000000111 3 2 3 2 7 2 3 2 3
1000001111000001 3 2 3 2 7 2 3 2 3
1000001101100001 3 2 3 2 7 2 3 2 3
1000001100110001 3 2 3 2 7 2 3 2 3
1000001100011001 3 2 3 2 7 2 3 2 3
1000001100001101 3 2 3 2 7 2 3 2 3