Case #1:
11111000000000000000000000000001 3 2 5 2 7 2 3 2 11
11101100000000000000000000000001 3 2 5 2 7 2 3 2 11
11100110000000000000000000000001 3 2 5 2 7 2 3 2 11
11100011000000000000000000000001 3 2 5 2 7 2 3 2 11
11100001100000000000000000000001 3 2 5 2 7 2 3 2 11
11100000110000000000000000000001 3 2 5 2 7 2 3 2 11
11100000011000000000000000000001 3 2 5 2 7 2 3 2 11
11100000001100000000000000000001 3 2 5 2 7 2 3 2 11
11100000000110000000000000000001 3 2 5 2 7 2 3 2 11
11100000000011000000000000000001 3 2 5 2 7 2 3 2 11
11100000000001100000000000000001 3 2 5 2 7 2 3 2 11
11100000000000110000000000000001 3 2 5 2 7 2 3 2 11
11100000000000011000000000000001 3 2 5 2 7 2 3 2 11
11100000000000001100000000000001 3 2 5 2 7 2 3 2 11
11100000000000000110000000000001 3 2 5 2 7 2 3 2 11
11100000000000000011000000000001 3 2 5 2 7 2 3 2 11
11100000000000000001100000000001 3 2 5 2 7 2 3 2 11
11100000000000000000110000000001 3 2 5 2 7 2 3 2 11
11100000000000000000011000000001 3 2 5 2 7 2 3 2 11
11100000000000000000001100000001 3 2 5 2 7 2 3 2 11
11100000000000000000000110000001 3 2 5 2 7 2 3 2 11
11100000000000000000000011000001 3 2 5 2 7 2 3 2 11
11100000000000000000000001100001 3 2 5 2 7 2 3 2 11
11100000000000000000000000110001 3 2 5 2 7 2 3 2 11
11100000000000000000000000011001 3 2 5 2 7 2 3 2 11
11100000000000000000000000001101 3 2 5 2 7 2 3 2 11
11100000000000000000000000000111 3 2 5 2 7 2 3 2 11
10111100000000000000000000000001 3 2 5 2 7 2 3 2 11
10110110000000000000000000000001 3 2 5 2 7 2 3 2 11
10110011000000000000000000000001 3 2 5 2 7 2 3 2 11
10110001100000000000000000000001 3 2 5 2 7 2 3 2 11
10110000110000000000000000000001 3 2 5 2 7 2 3 2 11
10110000011000000000000000000001 3 2 5 2 7 2 3 2 11
10110000001100000000000000000001 3 2 5 2 7 2 3 2 11
10110000000110000000000000000001 3 2 5 2 7 2 3 2 11
10110000000011000000000000000001 3 2 5 2 7 2 3 2 11
10110000000001100000000000000001 3 2 5 2 7 2 3 2 11
10110000000000110000000000000001 3 2 5 2 7 2 3 2 11
10110000000000011000000000000001 3 2 5 2 7 2 3 2 11
10110000000000001100000000000001 3 2 5 2 7 2 3 2 11
10110000000000000110000000000001 3 2 5 2 7 2 3 2 11
10110000000000000011000000000001 3 2 5 2 7 2 3 2 11
10110000000000000001100000000001 3 2 5 2 7 2 3 2 11
10110000000000000000110000000001 3 2 5 2 7 2 3 2 11
10110000000000000000011000000001 3 2 5 2 7 2 3 2 11
10110000000000000000001100000001 3 2 5 2 7 2 3 2 11
10110000000000000000000110000001 3 2 5 2 7 2 3 2 11
10110000000000000000000011000001 3 2 5 2 7 2 3 2 11
10110000000000000000000001100001 3 2 5 2 7 2 3 2 11
10110000000000000000000000110001 3 2 5 2 7 2 3 2 11
10110000000000000000000000011001 3 2 5 2 7 2 3 2 11
10110000000000000000000000001101 3 2 5 2 7 2 3 2 11
10110000000000000000000000000111 3 2 5 2 7 2 3 2 11
10011110000000000000000000000001 3 2 5 2 7 2 3 2 11
10011011000000000000000000000001 3 2 5 2 7 2 3 2 11
10011001100000000000000000000001 3 2 5 2 7 2 3 2 11
10011000110000000000000000000001 3 2 5 2 7 2 3 2 11
10011000011000000000000000000001 3 2 5 2 7 2 3 2 11
10011000001100000000000000000001 3 2 5 2 7 2 3 2 11
10011000000110000000000000000001 3 2 5 2 7 2 3 2 11
10011000000011000000000000000001 3 2 5 2 7 2 3 2 11
10011000000001100000000000000001 3 2 5 2 7 2 3 2 11
10011000000000110000000000000001 3 2 5 2 7 2 3 2 11
10011000000000011000000000000001 3 2 5 2 7 2 3 2 11
10011000000000001100000000000001 3 2 5 2 7 2 3 2 11
10011000000000000110000000000001 3 2 5 2 7 2 3 2 11
10011000000000000011000000000001 3 2 5 2 7 2 3 2 11
10011000000000000001100000000001 3 2 5 2 7 2 3 2 11
10011000000000000000110000000001 3 2 5 2 7 2 3 2 11
10011000000000000000011000000001 3 2 5 2 7 2 3 2 11
10011000000000000000001100000001 3 2 5 2 7 2 3 2 11
10011000000000000000000110000001 3 2 5 2 7 2 3 2 11
10011000000000000000000011000001 3 2 5 2 7 2 3 2 11
10011000000000000000000001100001 3 2 5 2 7 2 3 2 11
10011000000000000000000000110001 3 2 5 2 7 2 3 2 11
10011000000000000000000000011001 3 2 5 2 7 2 3 2 11
10011000000000000000000000001101 3 2 5 2 7 2 3 2 11
10011000000000000000000000000111 3 2 5 2 7 2 3 2 11
10001111000000000000000000000001 3 2 5 2 7 2 3 2 11
10001101100000000000000000000001 3 2 5 2 7 2 3 2 11
10001100110000000000000000000001 3 2 5 2 7 2 3 2 11
10001100011000000000000000000001 3 2 5 2 7 2 3 2 11
10001100001100000000000000000001 3 2 5 2 7 2 3 2 11
10001100000110000000000000000001 3 2 5 2 7 2 3 2 11
10001100000011000000000000000001 3 2 5 2 7 2 3 2 11
10001100000001100000000000000001 3 2 5 2 7 2 3 2 11
10001100000000110000000000000001 3 2 5 2 7 2 3 2 11
10001100000000011000000000000001 3 2 5 2 7 2 3 2 11
10001100000000001100000000000001 3 2 5 2 7 2 3 2 11
10001100000000000110000000000001 3 2 5 2 7 2 3 2 11
10001100000000000011000000000001 3 2 5 2 7 2 3 2 11
10001100000000000001100000000001 3 2 5 2 7 2 3 2 11
10001100000000000000110000000001 3 2 5 2 7 2 3 2 11
10001100000000000000011000000001 3 2 5 2 7 2 3 2 11
10001100000000000000001100000001 3 2 5 2 7 2 3 2 11
10001100000000000000000110000001 3 2 5 2 7 2 3 2 11
10001100000000000000000011000001 3 2 5 2 7 2 3 2 11
10001100000000000000000001100001 3 2 5 2 7 2 3 2 11
10001100000000000000000000110001 3 2 5 2 7 2 3 2 11
10001100000000000000000000011001 3 2 5 2 7 2 3 2 11
10001100000000000000000000001101 3 2 5 2 7 2 3 2 11
10001100000000000000000000000111 3 2 5 2 7 2 3 2 11
10000111100000000000000000000001 3 2 5 2 7 2 3 2 11
10000110110000000000000000000001 3 2 5 2 7 2 3 2 11
10000110011000000000000000000001 3 2 5 2 7 2 3 2 11
10000110001100000000000000000001 3 2 5 2 7 2 3 2 11
10000110000110000000000000000001 3 2 5 2 7 2 3 2 11
10000110000011000000000000000001 3 2 5 2 7 2 3 2 11
10000110000001100000000000000001 3 2 5 2 7 2 3 2 11
10000110000000110000000000000001 3 2 5 2 7 2 3 2 11
10000110000000011000000000000001 3 2 5 2 7 2 3 2 11
10000110000000001100000000000001 3 2 5 2 7 2 3 2 11
10000110000000000110000000000001 3 2 5 2 7 2 3 2 11
10000110000000000011000000000001 3 2 5 2 7 2 3 2 11
10000110000000000001100000000001 3 2 5 2 7 2 3 2 11
10000110000000000000110000000001 3 2 5 2 7 2 3 2 11
10000110000000000000011000000001 3 2 5 2 7 2 3 2 11
10000110000000000000001100000001 3 2 5 2 7 2 3 2 11
10000110000000000000000110000001 3 2 5 2 7 2 3 2 11
10000110000000000000000011000001 3 2 5 2 7 2 3 2 11
10000110000000000000000001100001 3 2 5 2 7 2 3 2 11
10000110000000000000000000110001 3 2 5 2 7 2 3 2 11
10000110000000000000000000011001 3 2 5 2 7 2 3 2 11
10000110000000000000000000001101 3 2 5 2 7 2 3 2 11
10000110000000000000000000000111 3 2 5 2 7 2 3 2 11
10000011110000000000000000000001 3 2 5 2 7 2 3 2 11
10000011011000000000000000000001 3 2 5 2 7 2 3 2 11
10000011001100000000000000000001 3 2 5 2 7 2 3 2 11
10000011000110000000000000000001 3 2 5 2 7 2 3 2 11
10000011000011000000000000000001 3 2 5 2 7 2 3 2 11
10000011000001100000000000000001 3 2 5 2 7 2 3 2 11
10000011000000110000000000000001 3 2 5 2 7 2 3 2 11
10000011000000011000000000000001 3 2 5 2 7 2 3 2 11
10000011000000001100000000000001 3 2 5 2 7 2 3 2 11
10000011000000000110000000000001 3 2 5 2 7 2 3 2 11
10000011000000000011000000000001 3 2 5 2 7 2 3 2 11
10000011000000000001100000000001 3 2 5 2 7 2 3 2 11
10000011000000000000110000000001 3 2 5 2 7 2 3 2 11
10000011000000000000011000000001 3 2 5 2 7 2 3 2 11
10000011000000000000001100000001 3 2 5 2 7 2 3 2 11
10000011000000000000000110000001 3 2 5 2 7 2 3 2 11
10000011000000000000000011000001 3 2 5 2 7 2 3 2 11
10000011000000000000000001100001 3 2 5 2 7 2 3 2 11
10000011000000000000000000110001 3 2 5 2 7 2 3 2 11
10000011000000000000000000011001 3 2 5 2 7 2 3 2 11
10000011000000000000000000001101 3 2 5 2 7 2 3 2 11
10000011000000000000000000000111 3 2 5 2 7 2 3 2 11
10000001111000000000000000000001 3 2 5 2 7 2 3 2 11
10000001101100000000000000000001 3 2 5 2 7 2 3 2 11
10000001100110000000000000000001 3 2 5 2 7 2 3 2 11
10000001100011000000000000000001 3 2 5 2 7 2 3 2 11
10000001100001100000000000000001 3 2 5 2 7 2 3 2 11
10000001100000110000000000000001 3 2 5 2 7 2 3 2 11
10000001100000011000000000000001 3 2 5 2 7 2 3 2 11
10000001100000001100000000000001 3 2 5 2 7 2 3 2 11
10000001100000000110000000000001 3 2 5 2 7 2 3 2 11
10000001100000000011000000000001 3 2 5 2 7 2 3 2 11
10000001100000000001100000000001 3 2 5 2 7 2 3 2 11
10000001100000000000110000000001 3 2 5 2 7 2 3 2 11
10000001100000000000011000000001 3 2 5 2 7 2 3 2 11
10000001100000000000001100000001 3 2 5 2 7 2 3 2 11
10000001100000000000000110000001 3 2 5 2 7 2 3 2 11
10000001100000000000000011000001 3 2 5 2 7 2 3 2 11
10000001100000000000000001100001 3 2 5 2 7 2 3 2 11
10000001100000000000000000110001 3 2 5 2 7 2 3 2 11
10000001100000000000000000011001 3 2 5 2 7 2 3 2 11
10000001100000000000000000001101 3 2 5 2 7 2 3 2 11
10000001100000000000000000000111 3 2 5 2 7 2 3 2 11
10000000111100000000000000000001 3 2 5 2 7 2 3 2 11
10000000110110000000000000000001 3 2 5 2 7 2 3 2 11
10000000110011000000000000000001 3 2 5 2 7 2 3 2 11
10000000110001100000000000000001 3 2 5 2 7 2 3 2 11
10000000110000110000000000000001 3 2 5 2 7 2 3 2 11
10000000110000011000000000000001 3 2 5 2 7 2 3 2 11
10000000110000001100000000000001 3 2 5 2 7 2 3 2 11
10000000110000000110000000000001 3 2 5 2 7 2 3 2 11
10000000110000000011000000000001 3 2 5 2 7 2 3 2 11
10000000110000000001100000000001 3 2 5 2 7 2 3 2 11
10000000110000000000110000000001 3 2 5 2 7 2 3 2 11
10000000110000000000011000000001 3 2 5 2 7 2 3 2 11
10000000110000000000001100000001 3 2 5 2 7 2 3 2 11
10000000110000000000000110000001 3 2 5 2 7 2 3 2 11
10000000110000000000000011000001 3 2 5 2 7 2 3 2 11
10000000110000000000000001100001 3 2 5 2 7 2 3 2 11
10000000110000000000000000110001 3 2 5 2 7 2 3 2 11
10000000110000000000000000011001 3 2 5 2 7 2 3 2 11
10000000110000000000000000001101 3 2 5 2 7 2 3 2 11
10000000110000000000000000000111 3 2 5 2 7 2 3 2 11
10000000011110000000000000000001 3 2 5 2 7 2 3 2 11
10000000011011000000000000000001 3 2 5 2 7 2 3 2 11
10000000011001100000000000000001 3 2 5 2 7 2 3 2 11
10000000011000110000000000000001 3 2 5 2 7 2 3 2 11
10000000011000011000000000000001 3 2 5 2 7 2 3 2 11
10000000011000001100000000000001 3 2 5 2 7 2 3 2 11
10000000011000000110000000000001 3 2 5 2 7 2 3 2 11
10000000011000000011000000000001 3 2 5 2 7 2 3 2 11
10000000011000000001100000000001 3 2 5 2 7 2 3 2 11
10000000011000000000110000000001 3 2 5 2 7 2 3 2 11
10000000011000000000011000000001 3 2 5 2 7 2 3 2 11
10000000011000000000001100000001 3 2 5 2 7 2 3 2 11
10000000011000000000000110000001 3 2 5 2 7 2 3 2 11
10000000011000000000000011000001 3 2 5 2 7 2 3 2 11
10000000011000000000000001100001 3 2 5 2 7 2 3 2 11
10000000011000000000000000110001 3 2 5 2 7 2 3 2 11
10000000011000000000000000011001 3 2 5 2 7 2 3 2 11
10000000011000000000000000001101 3 2 5 2 7 2 3 2 11
10000000011000000000000000000111 3 2 5 2 7 2 3 2 11
10000000001111000000000000000001 3 2 5 2 7 2 3 2 11
10000000001101100000000000000001 3 2 5 2 7 2 3 2 11
10000000001100110000000000000001 3 2 5 2 7 2 3 2 11
10000000001100011000000000000001 3 2 5 2 7 2 3 2 11
10000000001100001100000000000001 3 2 5 2 7 2 3 2 11
10000000001100000110000000000001 3 2 5 2 7 2 3 2 11
10000000001100000011000000000001 3 2 5 2 7 2 3 2 11
10000000001100000001100000000001 3 2 5 2 7 2 3 2 11
10000000001100000000110000000001 3 2 5 2 7 2 3 2 11
10000000001100000000011000000001 3 2 5 2 7 2 3 2 11
10000000001100000000001100000001 3 2 5 2 7 2 3 2 11
10000000001100000000000110000001 3 2 5 2 7 2 3 2 11
10000000001100000000000011000001 3 2 5 2 7 2 3 2 11
10000000001100000000000001100001 3 2 5 2 7 2 3 2 11
10000000001100000000000000110001 3 2 5 2 7 2 3 2 11
10000000001100000000000000011001 3 2 5 2 7 2 3 2 11
10000000001100000000000000001101 3 2 5 2 7 2 3 2 11
10000000001100000000000000000111 3 2 5 2 7 2 3 2 11
10000000000111100000000000000001 3 2 5 2 7 2 3 2 11
10000000000110110000000000000001 3 2 5 2 7 2 3 2 11
10000000000110011000000000000001 3 2 5 2 7 2 3 2 11
10000000000110001100000000000001 3 2 5 2 7 2 3 2 11
10000000000110000110000000000001 3 2 5 2 7 2 3 2 11
10000000000110000011000000000001 3 2 5 2 7 2 3 2 11
10000000000110000001100000000001 3 2 5 2 7 2 3 2 11
10000000000110000000110000000001 3 2 5 2 7 2 3 2 11
10000000000110000000011000000001 3 2 5 2 7 2 3 2 11
10000000000110000000001100000001 3 2 5 2 7 2 3 2 11
10000000000110000000000110000001 3 2 5 2 7 2 3 2 11
10000000000110000000000011000001 3 2 5 2 7 2 3 2 11
10000000000110000000000001100001 3 2 5 2 7 2 3 2 11
10000000000110000000000000110001 3 2 5 2 7 2 3 2 11
10000000000110000000000000011001 3 2 5 2 7 2 3 2 11
10000000000110000000000000001101 3 2 5 2 7 2 3 2 11
10000000000110000000000000000111 3 2 5 2 7 2 3 2 11
10000000000011110000000000000001 3 2 5 2 7 2 3 2 11
10000000000011011000000000000001 3 2 5 2 7 2 3 2 11
10000000000011001100000000000001 3 2 5 2 7 2 3 2 11
10000000000011000110000000000001 3 2 5 2 7 2 3 2 11
10000000000011000011000000000001 3 2 5 2 7 2 3 2 11
10000000000011000001100000000001 3 2 5 2 7 2 3 2 11
10000000000011000000110000000001 3 2 5 2 7 2 3 2 11
10000000000011000000011000000001 3 2 5 2 7 2 3 2 11
10000000000011000000001100000001 3 2 5 2 7 2 3 2 11
10000000000011000000000110000001 3 2 5 2 7 2 3 2 11
10000000000011000000000011000001 3 2 5 2 7 2 3 2 11
10000000000011000000000001100001 3 2 5 2 7 2 3 2 11
10000000000011000000000000110001 3 2 5 2 7 2 3 2 11
10000000000011000000000000011001 3 2 5 2 7 2 3 2 11
10000000000011000000000000001101 3 2 5 2 7 2 3 2 11
10000000000011000000000000000111 3 2 5 2 7 2 3 2 11
10000000000001111000000000000001 3 2 5 2 7 2 3 2 11
10000000000001101100000000000001 3 2 5 2 7 2 3 2 11
10000000000001100110000000000001 3 2 5 2 7 2 3 2 11
10000000000001100011000000000001 3 2 5 2 7 2 3 2 11
10000000000001100001100000000001 3 2 5 2 7 2 3 2 11
10000000000001100000110000000001 3 2 5 2 7 2 3 2 11
10000000000001100000011000000001 3 2 5 2 7 2 3 2 11
10000000000001100000001100000001 3 2 5 2 7 2 3 2 11
10000000000001100000000110000001 3 2 5 2 7 2 3 2 11
10000000000001100000000011000001 3 2 5 2 7 2 3 2 11
10000000000001100000000001100001 3 2 5 2 7 2 3 2 11
10000000000001100000000000110001 3 2 5 2 7 2 3 2 11
10000000000001100000000000011001 3 2 5 2 7 2 3 2 11
10000000000001100000000000001101 3 2 5 2 7 2 3 2 11
10000000000001100000000000000111 3 2 5 2 7 2 3 2 11
10000000000000111100000000000001 3 2 5 2 7 2 3 2 11
10000000000000110110000000000001 3 2 5 2 7 2 3 2 11
10000000000000110011000000000001 3 2 5 2 7 2 3 2 11
10000000000000110001100000000001 3 2 5 2 7 2 3 2 11
10000000000000110000110000000001 3 2 5 2 7 2 3 2 11
10000000000000110000011000000001 3 2 5 2 7 2 3 2 11
10000000000000110000001100000001 3 2 5 2 7 2 3 2 11
10000000000000110000000110000001 3 2 5 2 7 2 3 2 11
10000000000000110000000011000001 3 2 5 2 7 2 3 2 11
10000000000000110000000001100001 3 2 5 2 7 2 3 2 11
10000000000000110000000000110001 3 2 5 2 7 2 3 2 11
10000000000000110000000000011001 3 2 5 2 7 2 3 2 11
10000000000000110000000000001101 3 2 5 2 7 2 3 2 11
10000000000000110000000000000111 3 2 5 2 7 2 3 2 11
10000000000000011110000000000001 3 2 5 2 7 2 3 2 11
10000000000000011011000000000001 3 2 5 2 7 2 3 2 11
10000000000000011001100000000001 3 2 5 2 7 2 3 2 11
10000000000000011000110000000001 3 2 5 2 7 2 3 2 11
10000000000000011000011000000001 3 2 5 2 7 2 3 2 11
10000000000000011000001100000001 3 2 5 2 7 2 3 2 11
10000000000000011000000110000001 3 2 5 2 7 2 3 2 11
10000000000000011000000011000001 3 2 5 2 7 2 3 2 11
10000000000000011000000001100001 3 2 5 2 7 2 3 2 11
10000000000000011000000000110001 3 2 5 2 7 2 3 2 11
10000000000000011000000000011001 3 2 5 2 7 2 3 2 11
10000000000000011000000000001101 3 2 5 2 7 2 3 2 11
10000000000000011000000000000111 3 2 5 2 7 2 3 2 11
10000000000000001111000000000001 3 2 5 2 7 2 3 2 11
10000000000000001101100000000001 3 2 5 2 7 2 3 2 11
10000000000000001100110000000001 3 2 5 2 7 2 3 2 11
10000000000000001100011000000001 3 2 5 2 7 2 3 2 11
10000000000000001100001100000001 3 2 5 2 7 2 3 2 11
10000000000000001100000110000001 3 2 5 2 7 2 3 2 11
10000000000000001100000011000001 3 2 5 2 7 2 3 2 11
10000000000000001100000001100001 3 2 5 2 7 2 3 2 11
10000000000000001100000000110001 3 2 5 2 7 2 3 2 11
10000000000000001100000000011001 3 2 5 2 7 2 3 2 11
10000000000000001100000000001101 3 2 5 2 7 2 3 2 11
10000000000000001100000000000111 3 2 5 2 7 2 3 2 11
10000000000000000111100000000001 3 2 5 2 7 2 3 2 11
10000000000000000110110000000001 3 2 5 2 7 2 3 2 11
10000000000000000110011000000001 3 2 5 2 7 2 3 2 11
10000000000000000110001100000001 3 2 5 2 7 2 3 2 11
10000000000000000110000110000001 3 2 5 2 7 2 3 2 11
10000000000000000110000011000001 3 2 5 2 7 2 3 2 11
10000000000000000110000001100001 3 2 5 2 7 2 3 2 11
10000000000000000110000000110001 3 2 5 2 7 2 3 2 11
10000000000000000110000000011001 3 2 5 2 7 2 3 2 11
10000000000000000110000000001101 3 2 5 2 7 2 3 2 11
10000000000000000110000000000111 3 2 5 2 7 2 3 2 11
10000000000000000011110000000001 3 2 5 2 7 2 3 2 11
10000000000000000011011000000001 3 2 5 2 7 2 3 2 11
10000000000000000011001100000001 3 2 5 2 7 2 3 2 11
10000000000000000011000110000001 3 2 5 2 7 2 3 2 11
10000000000000000011000011000001 3 2 5 2 7 2 3 2 11
10000000000000000011000001100001 3 2 5 2 7 2 3 2 11
10000000000000000011000000110001 3 2 5 2 7 2 3 2 11
10000000000000000011000000011001 3 2 5 2 7 2 3 2 11
10000000000000000011000000001101 3 2 5 2 7 2 3 2 11
10000000000000000011000000000111 3 2 5 2 7 2 3 2 11
10000000000000000001111000000001 3 2 5 2 7 2 3 2 11
10000000000000000001101100000001 3 2 5 2 7 2 3 2 11
10000000000000000001100110000001 3 2 5 2 7 2 3 2 11
10000000000000000001100011000001 3 2 5 2 7 2 3 2 11
10000000000000000001100001100001 3 2 5 2 7 2 3 2 11
10000000000000000001100000110001 3 2 5 2 7 2 3 2 11
10000000000000000001100000011001 3 2 5 2 7 2 3 2 11
10000000000000000001100000001101 3 2 5 2 7 2 3 2 11
10000000000000000001100000000111 3 2 5 2 7 2 3 2 11
10000000000000000000111100000001 3 2 5 2 7 2 3 2 11
10000000000000000000110110000001 3 2 5 2 7 2 3 2 11
10000000000000000000110011000001 3 2 5 2 7 2 3 2 11
10000000000000000000110001100001 3 2 5 2 7 2 3 2 11
10000000000000000000110000110001 3 2 5 2 7 2 3 2 11
10000000000000000000110000011001 3 2 5 2 7 2 3 2 11
10000000000000000000110000001101 3 2 5 2 7 2 3 2 11
10000000000000000000110000000111 3 2 5 2 7 2 3 2 11
10000000000000000000011110000001 3 2 5 2 7 2 3 2 11
10000000000000000000011011000001 3 2 5 2 7 2 3 2 11
10000000000000000000011001100001 3 2 5 2 7 2 3 2 11
10000000000000000000011000110001 3 2 5 2 7 2 3 2 11
10000000000000000000011000011001 3 2 5 2 7 2 3 2 11
10000000000000000000011000001101 3 2 5 2 7 2 3 2 11
10000000000000000000011000000111 3 2 5 2 7 2 3 2 11
10000000000000000000001111000001 3 2 5 2 7 2 3 2 11
10000000000000000000001101100001 3 2 5 2 7 2 3 2 11
10000000000000000000001100110001 3 2 5 2 7 2 3 2 11
10000000000000000000001100011001 3 2 5 2 7 2 3 2 11
10000000000000000000001100001101 3 2 5 2 7 2 3 2 11
10000000000000000000001100000111 3 2 5 2 7 2 3 2 11
10000000000000000000000111100001 3 2 5 2 7 2 3 2 11
10000000000000000000000110110001 3 2 5 2 7 2 3 2 11
10000000000000000000000110011001 3 2 5 2 7 2 3 2 11
10000000000000000000000110001101 3 2 5 2 7 2 3 2 11
10000000000000000000000110000111 3 2 5 2 7 2 3 2 11
10000000000000000000000011110001 3 2 5 2 7 2 3 2 11
10000000000000000000000011011001 3 2 5 2 7 2 3 2 11
10000000000000000000000011001101 3 2 5 2 7 2 3 2 11
10000000000000000000000011000111 3 2 5 2 7 2 3 2 11
10000000000000000000000001111001 3 2 5 2 7 2 3 2 11
10000000000000000000000001101101 3 2 5 2 7 2 3 2 11
10000000000000000000000001100111 3 2 5 2 7 2 3 2 11
10000000000000000000000000111101 3 2 5 2 7 2 3 2 11
10000000000000000000000000110111 3 2 5 2 7 2 3 2 11
10000000000000000000000000011111 3 2 5 2 7 2 3 2 11
11111111100000000000000000000001 3 2 5 2 7 2 3 2 11
11111110110000000000000000000001 3 2 5 2 7 2 3 2 11
11111110011000000000000000000001 3 2 5 2 7 2 3 2 11
11111110001100000000000000000001 3 2 5 2 7 2 3 2 11
11111110000110000000000000000001 3 2 5 2 7 2 3 2 11
11111110000011000000000000000001 3 2 5 2 7 2 3 2 11
11111110000001100000000000000001 3 2 5 2 7 2 3 2 11
11111110000000110000000000000001 3 2 5 2 7 2 3 2 11
11111110000000011000000000000001 3 2 5 2 7 2 3 2 11
11111110000000001100000000000001 3 2 5 2 7 2 3 2 11
11111110000000000110000000000001 3 2 5 2 7 2 3 2 11
11111110000000000011000000000001 3 2 5 2 7 2 3 2 11
11111110000000000001100000000001 3 2 5 2 7 2 3 2 11
11111110000000000000110000000001 3 2 5 2 7 2 3 2 11
11111110000000000000011000000001 3 2 5 2 7 2 3 2 11
11111110000000000000001100000001 3 2 5 2 7 2 3 2 11
11111110000000000000000110000001 3 2 5 2 7 2 3 2 11
11111110000000000000000011000001 3 2 5 2 7 2 3 2 11
11111110000000000000000001100001 3 2 5 2 7 2 3 2 11
11111110000000000000000000110001 3 2 5 2 7 2 3 2 11
11111110000000000000000000011001 3 2 5 2 7 2 3 2 11
11111110000000000000000000001101 3 2 5 2 7 2 3 2 11
11111110000000000000000000000111 3 2 5 2 7 2 3 2 11
11111011110000000000000000000001 3 2 5 2 7 2 3 2 11
11111011011000000000000000000001 3 2 5 2 7 2 3 2 11
11111011001100000000000000000001 3 2 5 2 7 2 3 2 11
11111011000110000000000000000001 3 2 5 2 7 2 3 2 11
11111011000011000000000000000001 3 2 5 2 7 2 3 2 11
11111011000001100000000000000001 3 2 5 2 7 2 3 2 11
11111011000000110000000000000001 3 2 5 2 7 2 3 2 11
11111011000000011000000000000001 3 2 5 2 7 2 3 2 11
11111011000000001100000000000001 3 2 5 2 7 2 3 2 11
11111011000000000110000000000001 3 2 5 2 7 2 3 2 11
11111011000000000011000000000001 3 2 5 2 7 2 3 2 11
11111011000000000001100000000001 3 2 5 2 7 2 3 2 11
11111011000000000000110000000001 3 2 5 2 7 2 3 2 11
11111011000000000000011000000001 3 2 5 2 7 2 3 2 11
11111011000000000000001100000001 3 2 5 2 7 2 3 2 11
11111011000000000000000110000001 3 2 5 2 7 2 3 2 11
11111011000000000000000011000001 3 2 5 2 7 2 3 2 11
11111011000000000000000001100001 3 2 5 2 7 2 3 2 11
11111011000000000000000000110001 3 2 5 2 7 2 3 2 11
11111011000000000000000000011001 3 2 5 2 7 2 3 2 11
11111011000000000000000000001101 3 2 5 2 7 2 3 2 11
11111011000000000000000000000111 3 2 5 2 7 2 3 2 11
11111001111000000000000000000001 3 2 5 2 7 2 3 2 11
11111001101100000000000000000001 3 2 5 2 7 2 3 2 11
11111001100110000000000000000001 3 2 5 2 7 2 3 2 11
11111001100011000000000000000001 3 2 5 2 7 2 3 2 11
11111001100001100000000000000001 3 2 5 2 7 2 3 2 11
11111001100000110000000000000001 3 2 5 2 7 2 3 2 11
11111001100000011000000000000001 3 2 5 2 7 2 3 2 11
11111001100000001100000000000001 3 2 5 2 7 2 3 2 11
11111001100000000110000000000001 3 2 5 2 7 2 3 2 11
11111001100000000011000000000001 3 2 5 2 7 2 3 2 11
11111001100000000001100000000001 3 2 5 2 7 2 3 2 11
11111001100000000000110000000001 3 2 5 2 7 2 3 2 11
11111001100000000000011000000001 3 2 5 2 7 2 3 2 11
11111001100000000000001100000001 3 2 5 2 7 2 3 2 11
11111001100000000000000110000001 3 2 5 2 7 2 3 2 11
11111001100000000000000011000001 3 2 5 2 7 2 3 2 11
11111001100000000000000001100001 3 2 5 2 7 2 3 2 11
11111001100000000000000000110001 3 2 5 2 7 2 3 2 11
11111001100000000000000000011001 3 2 5 2 7 2 3 2 11
11111001100000000000000000001101 3 2 5 2 7 2 3 2 11
11111001100000000000000000000111 3 2 5 2 7 2 3 2 11
11111000111100000000000000000001 3 2 5 2 7 2 3 2 11
11111000110110000000000000000001 3 2 5 2 7 2 3 2 11
11111000110011000000000000000001 3 2 5 2 7 2 3 2 11
11111000110001100000000000000001 3 2 5 2 7 2 3 2 11
11111000110000110000000000000001 3 2 5 2 7 2 3 2 11
11111000110000011000000000000001 3 2 5 2 7 2 3 2 11
11111000110000001100000000000001 3 2 5 2 7 2 3 2 11
11111000110000000110000000000001 3 2 5 2 7 2 3 2 11
11111000110000000011000000000001 3 2 5 2 7 2 3 2 11
11111000110000000001100000000001 3 2 5 2 7 2 3 2 11
11111000110000000000110000000001 3 2 5 2 7 2 3 2 11
11111000110000000000011000000001 3 2 5 2 7 2 3 2 11
11111000110000000000001100000001 3 2 5 2 7 2 3 2 11
11111000110000000000000110000001 3 2 5 2 7 2 3 2 11
11111000110000000000000011000001 3 2 5 2 7 2 3 2 11
11111000110000000000000001100001 3 2 5 2 7 2 3 2 11
11111000110000000000000000110001 3 2 5 2 7 2 3 2 11
11111000110000000000000000011001 3 2 5 2 7 2 3 2 11
11111000110000000000000000001101 3 2 5 2 7 2 3 2 11
11111000110000000000000000000111 3 2 5 2 7 2 3 2 11
11111000011110000000000000000001 3 2 5 2 7 2 3 2 11
11111000011011000000000000000001 3 2 5 2 7 2 3 2 11
11111000011001100000000000000001 3 2 5 2 7 2 3 2 11
11111000011000110000000000000001 3 2 5 2 7 2 3 2 11
11111000011000011000000000000001 3 2 5 2 7 2 3 2 11
11111000011000001100000000000001 3 2 5 2 7 2 3 2 11
11111000011000000110000000000001 3 2 5 2 7 2 3 2 11
11111000011000000011000000000001 3 2 5 2 7 2 3 2 11
11111000011000000001100000000001 3 2 5 2 7 2 3 2 11
11111000011000000000110000000001 3 2 5 2 7 2 3 2 11
11111000011000000000011000000001 3 2 5 2 7 2 3 2 11
11111000011000000000001100000001 3 2 5 2 7 2 3 2 11
11111000011000000000000110000001 3 2 5 2 7 2 3 2 11
11111000011000000000000011000001 3 2 5 2 7 2 3 2 11
11111000011000000000000001100001 3 2 5 2 7 2 3 2 11
11111000011000000000000000110001 3 2 5 2 7 2 3 2 11
11111000011000000000000000011001 3 2 5 2 7 2 3 2 11
11111000011000000000000000001101 3 2 5 2 7 2 3 2 11
11111000011000000000000000000111 3 2 5 2 7 2 3 2 11
11111000001111000000000000000001 3 2 5 2 7 2 3 2 11
11111000001101100000000000000001 3 2 5 2 7 2 3 2 11
11111000001100110000000000000001 3 2 5 2 7 2 3 2 11
11111000001100011000000000000001 3 2 5 2 7 2 3 2 11
11111000001100001100000000000001 3 2 5 2 7 2 3 2 11
11111000001100000110000000000001 3 2 5 2 7 2 3 2 11
11111000001100000011000000000001 3 2 5 2 7 2 3 2 11
11111000001100000001100000000001 3 2 5 2 7 2 3 2 11
11111000001100000000110000000001 3 2 5 2 7 2 3 2 11
11111000001100000000011000000001 3 2 5 2 7 2 3 2 11
11111000001100000000001100000001 3 2 5 2 7 2 3 2 11
11111000001100000000000110000001 3 2 5 2 7 2 3 2 11
11111000001100000000000011000001 3 2 5 2 7 2 3 2 11
11111000001100000000000001100001 3 2 5 2 7 2 3 2 11
11111000001100000000000000110001 3 2 5 2 7 2 3 2 11
11111000001100000000000000011001 3 2 5 2 7 2 3 2 11
11111000001100000000000000001101 3 2 5 2 7 2 3 2 11